Compilation failed:
    source file: '/Users/dhruvnistala/VSCode/CS350C/Final_Project/Open_CV/build/CMakeFiles/CMakeTmp/src.cxx'
    check option: ''
===== BUILD LOG =====
Change Dir: '/Users/dhruvnistala/VSCode/CS350C/Final_Project/Open_CV/build/CMakeFiles/CMakeTmp'

Run Build Command(s): /opt/homebrew/Cellar/cmake/3.29.0/bin/cmake -E env VERBOSE=1 /usr/bin/make -f Makefile cmTC_f7c09/fast
/Library/Developer/CommandLineTools/usr/bin/make  -f CMakeFiles/cmTC_f7c09.dir/build.make CMakeFiles/cmTC_f7c09.dir/build
Building CXX object CMakeFiles/cmTC_f7c09.dir/src.cxx.o
/Library/Developer/CommandLineTools/usr/bin/c++   -O3 -DNDEBUG -std=c++11 -arch arm64 -isysroot /Library/Developer/CommandLineTools/SDKs/MacOSX14.2.sdk -fPIE -MD -MT CMakeFiles/cmTC_f7c09.dir/src.cxx.o -MF CMakeFiles/cmTC_f7c09.dir/src.cxx.o.d -o CMakeFiles/cmTC_f7c09.dir/src.cxx.o -c /Users/dhruvnistala/VSCode/CS350C/Final_Project/Open_CV/build/CMakeFiles/CMakeTmp/src.cxx
Linking CXX executable cmTC_f7c09
/opt/homebrew/Cellar/cmake/3.29.0/bin/cmake -E cmake_link_script CMakeFiles/cmTC_f7c09.dir/link.txt --verbose=1
/Library/Developer/CommandLineTools/usr/bin/c++ -O3 -DNDEBUG -arch arm64 -isysroot /Library/Developer/CommandLineTools/SDKs/MacOSX14.2.sdk -Wl,-search_paths_first -Wl,-headerpad_max_install_names  -Wl,--as-needed  CMakeFiles/cmTC_f7c09.dir/src.cxx.o -o cmTC_f7c09
ld: unknown options: --as-needed 
clang: error: linker command failed with exit code 1 (use -v to see invocation)
make[1]: *** [cmTC_f7c09] Error 1
make: *** [cmTC_f7c09/fast] Error 2


===== END =====

Compilation failed:
    source file: '/Users/dhruvnistala/VSCode/CS350C/Final_Project/Open_CV/build/CMakeFiles/CMakeTmp/src.cxx'
    check option: ''
===== BUILD LOG =====
Change Dir: '/Users/dhruvnistala/VSCode/CS350C/Final_Project/Open_CV/build/CMakeFiles/CMakeTmp'

Run Build Command(s): /opt/homebrew/Cellar/cmake/3.29.0/bin/cmake -E env VERBOSE=1 /usr/bin/make -f Makefile cmTC_30399/fast
/Library/Developer/CommandLineTools/usr/bin/make  -f CMakeFiles/cmTC_30399.dir/build.make CMakeFiles/cmTC_30399.dir/build
Building CXX object CMakeFiles/cmTC_30399.dir/src.cxx.o
/Library/Developer/CommandLineTools/usr/bin/c++   -O3 -DNDEBUG -std=c++11 -arch arm64 -isysroot /Library/Developer/CommandLineTools/SDKs/MacOSX14.2.sdk -fPIE -MD -MT CMakeFiles/cmTC_30399.dir/src.cxx.o -MF CMakeFiles/cmTC_30399.dir/src.cxx.o.d -o CMakeFiles/cmTC_30399.dir/src.cxx.o -c /Users/dhruvnistala/VSCode/CS350C/Final_Project/Open_CV/build/CMakeFiles/CMakeTmp/src.cxx
Linking CXX executable cmTC_30399
/opt/homebrew/Cellar/cmake/3.29.0/bin/cmake -E cmake_link_script CMakeFiles/cmTC_30399.dir/link.txt --verbose=1
/Library/Developer/CommandLineTools/usr/bin/c++ -O3 -DNDEBUG -arch arm64 -isysroot /Library/Developer/CommandLineTools/SDKs/MacOSX14.2.sdk -Wl,-search_paths_first -Wl,-headerpad_max_install_names  -Wl,--no-undefined  CMakeFiles/cmTC_30399.dir/src.cxx.o -o cmTC_30399
ld: unknown options: --no-undefined 
clang: error: linker command failed with exit code 1 (use -v to see invocation)
make[1]: *** [cmTC_30399] Error 1
make: *** [cmTC_30399/fast] Error 2


===== END =====

Build output check failed:
    Regex: 'unknown .*option'
    Output line: 'warning: unknown warning option '-Wno-maybe-uninitialized', did you mean '-Wno-uninitialized'? [-Wunknown-warning-option]'
Compilation failed:
    source file: '/Users/dhruvnistala/VSCode/CS350C/Final_Project/Open_CV/build/CMakeFiles/CMakeTmp/src.c'
    check option: ' -Wno-maybe-uninitialized'
===== BUILD LOG =====
Change Dir: '/Users/dhruvnistala/VSCode/CS350C/Final_Project/Open_CV/build/CMakeFiles/CMakeTmp'

Run Build Command(s): /opt/homebrew/Cellar/cmake/3.29.0/bin/cmake -E env VERBOSE=1 /usr/bin/make -f Makefile cmTC_f724f/fast
/Library/Developer/CommandLineTools/usr/bin/make  -f CMakeFiles/cmTC_f724f.dir/build.make CMakeFiles/cmTC_f724f.dir/build
Building C object CMakeFiles/cmTC_f724f.dir/src.c.o
/Library/Developer/CommandLineTools/usr/bin/cc   -fsigned-char -W -Wall -Wreturn-type -Wnon-virtual-dtor -Waddress -Wsequence-point -Wformat -Wformat-security -Wstrict-prototypes -Winit-self -Wpointer-arith -Wsign-promo -Wuninitialized -Wno-delete-non-virtual-dtor -Wno-unnamed-type-template-args -Wno-comment -fdiagnostics-show-option -Qunused-arguments -Wno-semicolon-before-method-body -ffunction-sections -fdata-sections    -fvisibility=hidden -fvisibility-inlines-hidden -Wno-unused-but-set-variable -Wno-missing-prototypes -Wno-missing-declarations -Wno-undef -Wno-unused -Wno-sign-compare -Wno-cast-align -Wno-shadow  -O3 -DNDEBUG  -DNDEBUG -arch arm64 -isysroot /Library/Developer/CommandLineTools/SDKs/MacOSX14.2.sdk -fPIE    -Wno-maybe-uninitialized -MD -MT CMakeFiles/cmTC_f724f.dir/src.c.o -MF CMakeFiles/cmTC_f724f.dir/src.c.o.d -o CMakeFiles/cmTC_f724f.dir/src.c.o -c /Users/dhruvnistala/VSCode/CS350C/Final_Project/Open_CV/build/CMakeFiles/CMakeTmp/src.c
warning: unknown warning option '-Wno-maybe-uninitialized'; did you mean '-Wno-uninitialized'? [-Wunknown-warning-option]
/Users/dhruvnistala/VSCode/CS350C/Final_Project/Open_CV/build/CMakeFiles/CMakeTmp/src.c:1:8: warning: unknown pragma ignored [-Wunknown-pragmas]
#pragma
       ^
2 warnings generated.
Linking C executable cmTC_f724f
/opt/homebrew/Cellar/cmake/3.29.0/bin/cmake -E cmake_link_script CMakeFiles/cmTC_f724f.dir/link.txt --verbose=1
/Library/Developer/CommandLineTools/usr/bin/cc    -fsigned-char -W -Wall -Wreturn-type -Wnon-virtual-dtor -Waddress -Wsequence-point -Wformat -Wformat-security -Wstrict-prototypes -Winit-self -Wpointer-arith -Wsign-promo -Wuninitialized -Wno-delete-non-virtual-dtor -Wno-unnamed-type-template-args -Wno-comment -fdiagnostics-show-option -Qunused-arguments -Wno-semicolon-before-method-body -ffunction-sections -fdata-sections    -fvisibility=hidden -fvisibility-inlines-hidden -Wno-unused-but-set-variable -Wno-missing-prototypes -Wno-missing-declarations -Wno-undef -Wno-unused -Wno-sign-compare -Wno-cast-align -Wno-shadow  -O3 -DNDEBUG  -DNDEBUG -arch arm64 -isysroot /Library/Developer/CommandLineTools/SDKs/MacOSX14.2.sdk -Wl,-search_paths_first -Wl,-headerpad_max_install_names   -Wl,-dead_strip  CMakeFiles/cmTC_f724f.dir/src.c.o -o cmTC_f724f


===== END =====

Build output check failed:
    Regex: 'unknown .*option'
    Output line: 'warning: unknown warning option '-Wno-stringop-overflow', did you mean '-Wno-shift-overflow'? [-Wunknown-warning-option]'
Compilation failed:
    source file: '/Users/dhruvnistala/VSCode/CS350C/Final_Project/Open_CV/build/CMakeFiles/CMakeTmp/src.cxx'
    check option: ' -Wno-stringop-overflow'
===== BUILD LOG =====
Change Dir: '/Users/dhruvnistala/VSCode/CS350C/Final_Project/Open_CV/build/CMakeFiles/CMakeTmp'

Run Build Command(s): /opt/homebrew/Cellar/cmake/3.29.0/bin/cmake -E env VERBOSE=1 /usr/bin/make -f Makefile cmTC_64b21/fast
/Library/Developer/CommandLineTools/usr/bin/make  -f CMakeFiles/cmTC_64b21.dir/build.make CMakeFiles/cmTC_64b21.dir/build
Building CXX object CMakeFiles/cmTC_64b21.dir/src.cxx.o
/Library/Developer/CommandLineTools/usr/bin/c++   -fsigned-char -W -Wall -Wreturn-type -Wnon-virtual-dtor -Waddress -Wsequence-point -Wformat -Wformat-security -Wstrict-prototypes -Winit-self -Wpointer-arith -Wuninitialized -Wno-delete-non-virtual-dtor -Wno-unnamed-type-template-args -Wno-comment -fdiagnostics-show-option -Qunused-arguments -Wno-semicolon-before-method-body -ffunction-sections -fdata-sections    -fvisibility=hidden -fvisibility-inlines-hidden -Wno-deprecated -Wno-missing-prototypes -Wno-missing-declarations -Wno-shadow -Wno-unused-parameter -Wno-unused-local-typedefs -Wno-sign-compare -Wno-sign-promo -Wno-undef -Wno-tautological-undefined-compare -Wno-ignored-qualifiers -Wno-extra -Wno-unused-function -Wno-unused-const-variable -Wno-shorten-64-to-32 -Wno-invalid-offsetof -Wno-enum-compare-switch -Wno-suggest-override -Wno-inconsistent-missing-override -Wno-implicit-fallthrough -Wno-array-bounds  -O3 -DNDEBUG  -DNDEBUG -std=c++11 -arch arm64 -isysroot /Library/Developer/CommandLineTools/SDKs/MacOSX14.2.sdk -fPIE    -Wno-stringop-overflow -MD -MT CMakeFiles/cmTC_64b21.dir/src.cxx.o -MF CMakeFiles/cmTC_64b21.dir/src.cxx.o.d -o CMakeFiles/cmTC_64b21.dir/src.cxx.o -c /Users/dhruvnistala/VSCode/CS350C/Final_Project/Open_CV/build/CMakeFiles/CMakeTmp/src.cxx
warning: unknown warning option '-Wno-stringop-overflow'; did you mean '-Wno-shift-overflow'? [-Wunknown-warning-option]
/Users/dhruvnistala/VSCode/CS350C/Final_Project/Open_CV/build/CMakeFiles/CMakeTmp/src.cxx:1:8: warning: unknown pragma ignored [-Wunknown-pragmas]
#pragma
       ^
2 warnings generated.
Linking CXX executable cmTC_64b21
/opt/homebrew/Cellar/cmake/3.29.0/bin/cmake -E cmake_link_script CMakeFiles/cmTC_64b21.dir/link.txt --verbose=1
/Library/Developer/CommandLineTools/usr/bin/c++    -fsigned-char -W -Wall -Wreturn-type -Wnon-virtual-dtor -Waddress -Wsequence-point -Wformat -Wformat-security -Wstrict-prototypes -Winit-self -Wpointer-arith -Wuninitialized -Wno-delete-non-virtual-dtor -Wno-unnamed-type-template-args -Wno-comment -fdiagnostics-show-option -Qunused-arguments -Wno-semicolon-before-method-body -ffunction-sections -fdata-sections    -fvisibility=hidden -fvisibility-inlines-hidden -Wno-deprecated -Wno-missing-prototypes -Wno-missing-declarations -Wno-shadow -Wno-unused-parameter -Wno-unused-local-typedefs -Wno-sign-compare -Wno-sign-promo -Wno-undef -Wno-tautological-undefined-compare -Wno-ignored-qualifiers -Wno-extra -Wno-unused-function -Wno-unused-const-variable -Wno-shorten-64-to-32 -Wno-invalid-offsetof -Wno-enum-compare-switch -Wno-suggest-override -Wno-inconsistent-missing-override -Wno-implicit-fallthrough -Wno-array-bounds  -O3 -DNDEBUG  -DNDEBUG -arch arm64 -isysroot /Library/Developer/CommandLineTools/SDKs/MacOSX14.2.sdk -Wl,-search_paths_first -Wl,-headerpad_max_install_names   -Wl,-dead_strip  CMakeFiles/cmTC_64b21.dir/src.cxx.o -o cmTC_64b21


===== END =====

Build output check failed:
    Regex: 'unknown .*option'
    Output line: 'warning: unknown warning option '-Wno-stringop-overread' [-Wunknown-warning-option]'
Compilation failed:
    source file: '/Users/dhruvnistala/VSCode/CS350C/Final_Project/Open_CV/build/CMakeFiles/CMakeTmp/src.cxx'
    check option: ' -Wno-stringop-overread'
===== BUILD LOG =====
Change Dir: '/Users/dhruvnistala/VSCode/CS350C/Final_Project/Open_CV/build/CMakeFiles/CMakeTmp'

Run Build Command(s): /opt/homebrew/Cellar/cmake/3.29.0/bin/cmake -E env VERBOSE=1 /usr/bin/make -f Makefile cmTC_506d8/fast
/Library/Developer/CommandLineTools/usr/bin/make  -f CMakeFiles/cmTC_506d8.dir/build.make CMakeFiles/cmTC_506d8.dir/build
Building CXX object CMakeFiles/cmTC_506d8.dir/src.cxx.o
/Library/Developer/CommandLineTools/usr/bin/c++   -fsigned-char -W -Wall -Wreturn-type -Wnon-virtual-dtor -Waddress -Wsequence-point -Wformat -Wformat-security -Wstrict-prototypes -Winit-self -Wpointer-arith -Wuninitialized -Wno-delete-non-virtual-dtor -Wno-unnamed-type-template-args -Wno-comment -fdiagnostics-show-option -Qunused-arguments -Wno-semicolon-before-method-body -ffunction-sections -fdata-sections    -fvisibility=hidden -fvisibility-inlines-hidden -Wno-deprecated -Wno-missing-prototypes -Wno-missing-declarations -Wno-shadow -Wno-unused-parameter -Wno-unused-local-typedefs -Wno-sign-compare -Wno-sign-promo -Wno-undef -Wno-tautological-undefined-compare -Wno-ignored-qualifiers -Wno-extra -Wno-unused-function -Wno-unused-const-variable -Wno-shorten-64-to-32 -Wno-invalid-offsetof -Wno-enum-compare-switch -Wno-suggest-override -Wno-inconsistent-missing-override -Wno-implicit-fallthrough -Wno-array-bounds  -O3 -DNDEBUG  -DNDEBUG -std=c++11 -arch arm64 -isysroot /Library/Developer/CommandLineTools/SDKs/MacOSX14.2.sdk -fPIE    -Wno-stringop-overread -MD -MT CMakeFiles/cmTC_506d8.dir/src.cxx.o -MF CMakeFiles/cmTC_506d8.dir/src.cxx.o.d -o CMakeFiles/cmTC_506d8.dir/src.cxx.o -c /Users/dhruvnistala/VSCode/CS350C/Final_Project/Open_CV/build/CMakeFiles/CMakeTmp/src.cxx
warning: unknown warning option '-Wno-stringop-overread' [-Wunknown-warning-option]
/Users/dhruvnistala/VSCode/CS350C/Final_Project/Open_CV/build/CMakeFiles/CMakeTmp/src.cxx:1:8: warning: unknown pragma ignored [-Wunknown-pragmas]
#pragma
       ^
2 warnings generated.
Linking CXX executable cmTC_506d8
/opt/homebrew/Cellar/cmake/3.29.0/bin/cmake -E cmake_link_script CMakeFiles/cmTC_506d8.dir/link.txt --verbose=1
/Library/Developer/CommandLineTools/usr/bin/c++    -fsigned-char -W -Wall -Wreturn-type -Wnon-virtual-dtor -Waddress -Wsequence-point -Wformat -Wformat-security -Wstrict-prototypes -Winit-self -Wpointer-arith -Wuninitialized -Wno-delete-non-virtual-dtor -Wno-unnamed-type-template-args -Wno-comment -fdiagnostics-show-option -Qunused-arguments -Wno-semicolon-before-method-body -ffunction-sections -fdata-sections    -fvisibility=hidden -fvisibility-inlines-hidden -Wno-deprecated -Wno-missing-prototypes -Wno-missing-declarations -Wno-shadow -Wno-unused-parameter -Wno-unused-local-typedefs -Wno-sign-compare -Wno-sign-promo -Wno-undef -Wno-tautological-undefined-compare -Wno-ignored-qualifiers -Wno-extra -Wno-unused-function -Wno-unused-const-variable -Wno-shorten-64-to-32 -Wno-invalid-offsetof -Wno-enum-compare-switch -Wno-suggest-override -Wno-inconsistent-missing-override -Wno-implicit-fallthrough -Wno-array-bounds  -O3 -DNDEBUG  -DNDEBUG -arch arm64 -isysroot /Library/Developer/CommandLineTools/SDKs/MacOSX14.2.sdk -Wl,-search_paths_first -Wl,-headerpad_max_install_names   -Wl,-dead_strip  CMakeFiles/cmTC_506d8.dir/src.cxx.o -o cmTC_506d8


===== END =====

